#
# There is insufficient memory for the Java Runtime Environment to continue.
# Native memory allocation (malloc) failed to allocate 847536 bytes for Chunk::new
# Possible reasons:
#   The system is out of physical RAM or swap space
#   The process is running with CompressedOops enabled, and the Java Heap may be blocking the growth of the native heap
# Possible solutions:
#   Reduce memory load on the system
#   Increase physical memory or swap space
#   Check if swap backing store is full
#   Decrease Java heap size (-Xmx/-Xms)
#   Decrease number of Java threads
#   Decrease Java thread stack sizes (-Xss)
#   Set larger code cache with -XX:ReservedCodeCacheSize=
#   JVM is running with Zero Based Compressed Oops mode in which the Java heap is
#     placed in the first 32GB address space. The Java Heap base address is the
#     maximum limit for the native heap growth. Please use -XX:HeapBaseMinAddress
#     to set the Java Heap base and to place the Java Heap above 32GB virtual address.
# This output file may be truncated or incomplete.
#
#  Out of Memory Error (./src/hotspot/share/memory/arena.cpp:197), pid=165132, tid=161512
#
# JRE version: OpenJDK Runtime Environment Zulu11.60+19-CA (11.0.17+8) (build 11.0.17+8-LTS)
# Java VM: OpenJDK 64-Bit Server VM Zulu11.60+19-CA (11.0.17+8-LTS, mixed mode, tiered, compressed oops, g1 gc, windows-amd64)
# No core dump will be written. Minidumps are not enabled by default on client versions of Windows
#

---------------  S U M M A R Y ------------

Command Line: -Dfile.encoding=UTF-8 -Duser.country=KR -Duser.language=ko -Duser.variant com.codestates.TodoappApplication

Host: AMD Ryzen 5 2600 Six-Core Processor            , 12 cores, 15G,  Windows 10 , 64 bit Build 19041 (10.0.19041.2364)
Time: Tue Feb 14 15:34:49 2023  Windows 10 , 64 bit Build 19041 (10.0.19041.2364) elapsed time: 0.567564 seconds (0d 0h 0m 0s)

---------------  T H R E A D  ---------------

Current thread (0x0000022bfeb32800):  JavaThread "C2 CompilerThread1" daemon [_thread_in_native, id=161512, stack(0x0000006cda300000,0x0000006cda400000)]


Current CompileTask:
C2:    567  700       4       java.util.jar.JarFile::getEntry (22 bytes)

Stack: [0x0000006cda300000,0x0000006cda400000]
Native frames: (J=compiled Java code, j=interpreted, Vv=VM code, C=native code)
V  [jvm.dll+0x62942a]
V  [jvm.dll+0x7b6f39]
V  [jvm.dll+0x7b8628]
V  [jvm.dll+0x7b8d03]
V  [jvm.dll+0x2539f8]
V  [jvm.dll+0xc245c]
V  [jvm.dll+0xc2a1c]
V  [jvm.dll+0x360212]
V  [jvm.dll+0x32ba53]
V  [jvm.dll+0x32ad8a]
V  [jvm.dll+0x208793]
V  [jvm.dll+0x20789d]
V  [jvm.dll+0x18a0c1]
V  [jvm.dll+0x217234]
V  [jvm.dll+0x21547b]
V  [jvm.dll+0x779ac0]
V  [jvm.dll+0x7729e4]
V  [jvm.dll+0x628295]
C  [ucrtbase.dll+0x21bb2]
C  [KERNEL32.DLL+0x17614]
C  [ntdll.dll+0x526a1]


---------------  P R O C E S S  ---------------

Threads class SMR info:
_java_thread_list=0x0000022bfeb4fd50, length=11, elements={
0x0000022bd7b20800, 0x0000022bfdcfa000, 0x0000022bfdcfc000, 0x0000022bfe5b1800,
0x0000022bfe5ff800, 0x0000022bfe600800, 0x0000022bfe606800, 0x0000022bfe610800,
0x0000022bfe61d000, 0x0000022bfe78e000, 0x0000022bfeb32800
}

Java Threads: ( => current thread )
  0x0000022bd7b20800 JavaThread "main" [_thread_in_vm, id=161524, stack(0x0000006cd9200000,0x0000006cd9300000)]
  0x0000022bfdcfa000 JavaThread "Reference Handler" daemon [_thread_blocked, id=162644, stack(0x0000006cd9900000,0x0000006cd9a00000)]
  0x0000022bfdcfc000 JavaThread "Finalizer" daemon [_thread_blocked, id=162588, stack(0x0000006cd9a00000,0x0000006cd9b00000)]
  0x0000022bfe5b1800 JavaThread "Signal Dispatcher" daemon [_thread_blocked, id=157512, stack(0x0000006cd9b00000,0x0000006cd9c00000)]
  0x0000022bfe5ff800 JavaThread "Attach Listener" daemon [_thread_blocked, id=160968, stack(0x0000006cd9c00000,0x0000006cd9d00000)]
  0x0000022bfe600800 JavaThread "Service Thread" daemon [_thread_blocked, id=154492, stack(0x0000006cd9d00000,0x0000006cd9e00000)]
  0x0000022bfe606800 JavaThread "C2 CompilerThread0" daemon [_thread_in_native, id=158344, stack(0x0000006cd9e00000,0x0000006cd9f00000)]
  0x0000022bfe610800 JavaThread "C1 CompilerThread0" daemon [_thread_in_native, id=161316, stack(0x0000006cd9f00000,0x0000006cda000000)]
  0x0000022bfe61d000 JavaThread "Sweeper thread" daemon [_thread_blocked, id=161600, stack(0x0000006cda000000,0x0000006cda100000)]
  0x0000022bfe78e000 JavaThread "Common-Cleaner" daemon [_thread_blocked, id=82972, stack(0x0000006cda200000,0x0000006cda300000)]
=>0x0000022bfeb32800 JavaThread "C2 CompilerThread1" daemon [_thread_in_native, id=161512, stack(0x0000006cda300000,0x0000006cda400000)]

Other Threads:
  0x0000022bfdce6800 VMThread "VM Thread" [stack: 0x0000006cd9800000,0x0000006cd9900000] [id=162596]
  0x0000022bfe789000 WatcherThread [stack: 0x0000006cda100000,0x0000006cda200000] [id=142628]
  0x0000022bd7b37800 GCTaskThread "GC Thread#0" [stack: 0x0000006cd9300000,0x0000006cd9400000] [id=150344]
  0x0000022bd7b97000 ConcurrentGCThread "G1 Main Marker" [stack: 0x0000006cd9400000,0x0000006cd9500000] [id=158724]
  0x0000022bd7b9b800 ConcurrentGCThread "G1 Conc#0" [stack: 0x0000006cd9500000,0x0000006cd9600000] [id=154468]
  0x0000022bfdbc4800 ConcurrentGCThread "G1 Refine#0" [stack: 0x0000006cd9600000,0x0000006cd9700000] [id=161076]
  0x0000022bfdbc5000 ConcurrentGCThread "G1 Young RemSet Sampling" [stack: 0x0000006cd9700000,0x0000006cd9800000] [id=159448]

Threads with active compile tasks:
C2 CompilerThread0      600  704   !   4       jdk.internal.loader.URLClassPath$JarLoader::getResource (65 bytes)
C1 CompilerThread0      600  819       3       java.lang.invoke.MethodType::insertParameterTypes (121 bytes)
C2 CompilerThread1      600  700       4       java.util.jar.JarFile::getEntry (22 bytes)

VM state:not at safepoint (normal execution)

VM Mutex/Monitor currently owned by a thread: None

Heap address: 0x0000000700c00000, size: 4084 MB, Compressed Oops mode: Zero based, Oop shift amount: 3
Narrow klass base: 0x0000000800000000, Narrow klass shift: 0
Compressed class space size: 1073741824 Address: 0x0000000800000000

Heap:
 garbage-first heap   total 262144K, used 14336K [0x0000000700c00000, 0x0000000800000000)
  region size 1024K, 16 young (16384K), 0 survivors (0K)
 Metaspace       used 11334K, capacity 11516K, committed 11648K, reserved 1060864K
  class space    used 1075K, capacity 1139K, committed 1152K, reserved 1048576K
Heap Regions: E=young(eden), S=young(survivor), O=old, HS=humongous(starts), HC=humongous(continues), CS=collection set, F=free, A=archive, TAMS=top-at-mark-start (previous, next)
|   0|0x0000000700c00000, 0x0000000700c00000, 0x0000000700d00000|  0%| F|  |TAMS 0x0000000700c00000, 0x0000000700c00000| Untracked 
|   1|0x0000000700d00000, 0x0000000700d00000, 0x0000000700e00000|  0%| F|  |TAMS 0x0000000700d00000, 0x0000000700d00000| Untracked 
|   2|0x0000000700e00000, 0x0000000700e00000, 0x0000000700f00000|  0%| F|  |TAMS 0x0000000700e00000, 0x0000000700e00000| Untracked 
|   3|0x0000000700f00000, 0x0000000700f00000, 0x0000000701000000|  0%| F|  |TAMS 0x0000000700f00000, 0x0000000700f00000| Untracked 
|   4|0x0000000701000000, 0x0000000701000000, 0x0000000701100000|  0%| F|  |TAMS 0x0000000701000000, 0x0000000701000000| Untracked 
|   5|0x0000000701100000, 0x0000000701100000, 0x0000000701200000|  0%| F|  |TAMS 0x0000000701100000, 0x0000000701100000| Untracked 
|   6|0x0000000701200000, 0x0000000701200000, 0x0000000701300000|  0%| F|  |TAMS 0x0000000701200000, 0x0000000701200000| Untracked 
|   7|0x0000000701300000, 0x0000000701300000, 0x0000000701400000|  0%| F|  |TAMS 0x0000000701300000, 0x0000000701300000| Untracked 
|   8|0x0000000701400000, 0x0000000701400000, 0x0000000701500000|  0%| F|  |TAMS 0x0000000701400000, 0x0000000701400000| Untracked 
|   9|0x0000000701500000, 0x0000000701500000, 0x0000000701600000|  0%| F|  |TAMS 0x0000000701500000, 0x0000000701500000| Untracked 
|  10|0x0000000701600000, 0x0000000701600000, 0x0000000701700000|  0%| F|  |TAMS 0x0000000701600000, 0x0000000701600000| Untracked 
|  11|0x0000000701700000, 0x0000000701700000, 0x0000000701800000|  0%| F|  |TAMS 0x0000000701700000, 0x0000000701700000| Untracked 
|  12|0x0000000701800000, 0x0000000701800000, 0x0000000701900000|  0%| F|  |TAMS 0x0000000701800000, 0x0000000701800000| Untracked 
|  13|0x0000000701900000, 0x0000000701900000, 0x0000000701a00000|  0%| F|  |TAMS 0x0000000701900000, 0x0000000701900000| Untracked 
|  14|0x0000000701a00000, 0x0000000701a00000, 0x0000000701b00000|  0%| F|  |TAMS 0x0000000701a00000, 0x0000000701a00000| Untracked 
|  15|0x0000000701b00000, 0x0000000701b00000, 0x0000000701c00000|  0%| F|  |TAMS 0x0000000701b00000, 0x0000000701b00000| Untracked 
|  16|0x0000000701c00000, 0x0000000701c00000, 0x0000000701d00000|  0%| F|  |TAMS 0x0000000701c00000, 0x0000000701c00000| Untracked 
|  17|0x0000000701d00000, 0x0000000701d00000, 0x0000000701e00000|  0%| F|  |TAMS 0x0000000701d00000, 0x0000000701d00000| Untracked 
|  18|0x0000000701e00000, 0x0000000701e00000, 0x0000000701f00000|  0%| F|  |TAMS 0x0000000701e00000, 0x0000000701e00000| Untracked 
|  19|0x0000000701f00000, 0x0000000701f00000, 0x0000000702000000|  0%| F|  |TAMS 0x0000000701f00000, 0x0000000701f00000| Untracked 
|  20|0x0000000702000000, 0x0000000702000000, 0x0000000702100000|  0%| F|  |TAMS 0x0000000702000000, 0x0000000702000000| Untracked 
|  21|0x0000000702100000, 0x0000000702100000, 0x0000000702200000|  0%| F|  |TAMS 0x0000000702100000, 0x0000000702100000| Untracked 
|  22|0x0000000702200000, 0x0000000702200000, 0x0000000702300000|  0%| F|  |TAMS 0x0000000702200000, 0x0000000702200000| Untracked 
|  23|0x0000000702300000, 0x0000000702300000, 0x0000000702400000|  0%| F|  |TAMS 0x0000000702300000, 0x0000000702300000| Untracked 
|  24|0x0000000702400000, 0x0000000702400000, 0x0000000702500000|  0%| F|  |TAMS 0x0000000702400000, 0x0000000702400000| Untracked 
|  25|0x0000000702500000, 0x0000000702500000, 0x0000000702600000|  0%| F|  |TAMS 0x0000000702500000, 0x0000000702500000| Untracked 
|  26|0x0000000702600000, 0x0000000702600000, 0x0000000702700000|  0%| F|  |TAMS 0x0000000702600000, 0x0000000702600000| Untracked 
|  27|0x0000000702700000, 0x0000000702700000, 0x0000000702800000|  0%| F|  |TAMS 0x0000000702700000, 0x0000000702700000| Untracked 
|  28|0x0000000702800000, 0x0000000702800000, 0x0000000702900000|  0%| F|  |TAMS 0x0000000702800000, 0x0000000702800000| Untracked 
|  29|0x0000000702900000, 0x0000000702900000, 0x0000000702a00000|  0%| F|  |TAMS 0x0000000702900000, 0x0000000702900000| Untracked 
|  30|0x0000000702a00000, 0x0000000702a00000, 0x0000000702b00000|  0%| F|  |TAMS 0x0000000702a00000, 0x0000000702a00000| Untracked 
|  31|0x0000000702b00000, 0x0000000702b00000, 0x0000000702c00000|  0%| F|  |TAMS 0x0000000702b00000, 0x0000000702b00000| Untracked 
|  32|0x0000000702c00000, 0x0000000702c00000, 0x0000000702d00000|  0%| F|  |TAMS 0x0000000702c00000, 0x0000000702c00000| Untracked 
|  33|0x0000000702d00000, 0x0000000702d00000, 0x0000000702e00000|  0%| F|  |TAMS 0x0000000702d00000, 0x0000000702d00000| Untracked 
|  34|0x0000000702e00000, 0x0000000702e00000, 0x0000000702f00000|  0%| F|  |TAMS 0x0000000702e00000, 0x0000000702e00000| Untracked 
|  35|0x0000000702f00000, 0x0000000702f00000, 0x0000000703000000|  0%| F|  |TAMS 0x0000000702f00000, 0x0000000702f00000| Untracked 
|  36|0x0000000703000000, 0x0000000703000000, 0x0000000703100000|  0%| F|  |TAMS 0x0000000703000000, 0x0000000703000000| Untracked 
|  37|0x0000000703100000, 0x0000000703100000, 0x0000000703200000|  0%| F|  |TAMS 0x0000000703100000, 0x0000000703100000| Untracked 
|  38|0x0000000703200000, 0x0000000703200000, 0x0000000703300000|  0%| F|  |TAMS 0x0000000703200000, 0x0000000703200000| Untracked 
|  39|0x0000000703300000, 0x0000000703300000, 0x0000000703400000|  0%| F|  |TAMS 0x0000000703300000, 0x0000000703300000| Untracked 
|  40|0x0000000703400000, 0x0000000703400000, 0x0000000703500000|  0%| F|  |TAMS 0x0000000703400000, 0x0000000703400000| Untracked 
|  41|0x0000000703500000, 0x0000000703500000, 0x0000000703600000|  0%| F|  |TAMS 0x0000000703500000, 0x0000000703500000| Untracked 
|  42|0x0000000703600000, 0x0000000703600000, 0x0000000703700000|  0%| F|  |TAMS 0x0000000703600000, 0x0000000703600000| Untracked 
|  43|0x0000000703700000, 0x0000000703700000, 0x0000000703800000|  0%| F|  |TAMS 0x0000000703700000, 0x0000000703700000| Untracked 
|  44|0x0000000703800000, 0x0000000703800000, 0x0000000703900000|  0%| F|  |TAMS 0x0000000703800000, 0x0000000703800000| Untracked 
|  45|0x0000000703900000, 0x0000000703900000, 0x0000000703a00000|  0%| F|  |TAMS 0x0000000703900000, 0x0000000703900000| Untracked 
|  46|0x0000000703a00000, 0x0000000703a00000, 0x0000000703b00000|  0%| F|  |TAMS 0x0000000703a00000, 0x0000000703a00000| Untracked 
|  47|0x0000000703b00000, 0x0000000703b00000, 0x0000000703c00000|  0%| F|  |TAMS 0x0000000703b00000, 0x0000000703b00000| Untracked 
|  48|0x0000000703c00000, 0x0000000703c00000, 0x0000000703d00000|  0%| F|  |TAMS 0x0000000703c00000, 0x0000000703c00000| Untracked 
|  49|0x0000000703d00000, 0x0000000703d00000, 0x0000000703e00000|  0%| F|  |TAMS 0x0000000703d00000, 0x0000000703d00000| Untracked 
|  50|0x0000000703e00000, 0x0000000703e00000, 0x0000000703f00000|  0%| F|  |TAMS 0x0000000703e00000, 0x0000000703e00000| Untracked 
|  51|0x0000000703f00000, 0x0000000703f00000, 0x0000000704000000|  0%| F|  |TAMS 0x0000000703f00000, 0x0000000703f00000| Untracked 
|  52|0x0000000704000000, 0x0000000704000000, 0x0000000704100000|  0%| F|  |TAMS 0x0000000704000000, 0x0000000704000000| Untracked 
|  53|0x0000000704100000, 0x0000000704100000, 0x0000000704200000|  0%| F|  |TAMS 0x0000000704100000, 0x0000000704100000| Untracked 
|  54|0x0000000704200000, 0x0000000704200000, 0x0000000704300000|  0%| F|  |TAMS 0x0000000704200000, 0x0000000704200000| Untracked 
|  55|0x0000000704300000, 0x0000000704300000, 0x0000000704400000|  0%| F|  |TAMS 0x0000000704300000, 0x0000000704300000| Untracked 
|  56|0x0000000704400000, 0x0000000704400000, 0x0000000704500000|  0%| F|  |TAMS 0x0000000704400000, 0x0000000704400000| Untracked 
|  57|0x0000000704500000, 0x0000000704500000, 0x0000000704600000|  0%| F|  |TAMS 0x0000000704500000, 0x0000000704500000| Untracked 
|  58|0x0000000704600000, 0x0000000704600000, 0x0000000704700000|  0%| F|  |TAMS 0x0000000704600000, 0x0000000704600000| Untracked 
|  59|0x0000000704700000, 0x0000000704700000, 0x0000000704800000|  0%| F|  |TAMS 0x0000000704700000, 0x0000000704700000| Untracked 
|  60|0x0000000704800000, 0x0000000704800000, 0x0000000704900000|  0%| F|  |TAMS 0x0000000704800000, 0x0000000704800000| Untracked 
|  61|0x0000000704900000, 0x0000000704900000, 0x0000000704a00000|  0%| F|  |TAMS 0x0000000704900000, 0x0000000704900000| Untracked 
|  62|0x0000000704a00000, 0x0000000704a00000, 0x0000000704b00000|  0%| F|  |TAMS 0x0000000704a00000, 0x0000000704a00000| Untracked 
|  63|0x0000000704b00000, 0x0000000704b00000, 0x0000000704c00000|  0%| F|  |TAMS 0x0000000704b00000, 0x0000000704b00000| Untracked 
|  64|0x0000000704c00000, 0x0000000704c00000, 0x0000000704d00000|  0%| F|  |TAMS 0x0000000704c00000, 0x0000000704c00000| Untracked 
|  65|0x0000000704d00000, 0x0000000704d00000, 0x0000000704e00000|  0%| F|  |TAMS 0x0000000704d00000, 0x0000000704d00000| Untracked 
|  66|0x0000000704e00000, 0x0000000704e00000, 0x0000000704f00000|  0%| F|  |TAMS 0x0000000704e00000, 0x0000000704e00000| Untracked 
|  67|0x0000000704f00000, 0x0000000704f00000, 0x0000000705000000|  0%| F|  |TAMS 0x0000000704f00000, 0x0000000704f00000| Untracked 
|  68|0x0000000705000000, 0x0000000705000000, 0x0000000705100000|  0%| F|  |TAMS 0x0000000705000000, 0x0000000705000000| Untracked 
|  69|0x0000000705100000, 0x0000000705100000, 0x0000000705200000|  0%| F|  |TAMS 0x0000000705100000, 0x0000000705100000| Untracked 
|  70|0x0000000705200000, 0x0000000705200000, 0x0000000705300000|  0%| F|  |TAMS 0x0000000705200000, 0x0000000705200000| Untracked 
|  71|0x0000000705300000, 0x0000000705300000, 0x0000000705400000|  0%| F|  |TAMS 0x0000000705300000, 0x0000000705300000| Untracked 
|  72|0x0000000705400000, 0x0000000705400000, 0x0000000705500000|  0%| F|  |TAMS 0x0000000705400000, 0x0000000705400000| Untracked 
|  73|0x0000000705500000, 0x0000000705500000, 0x0000000705600000|  0%| F|  |TAMS 0x0000000705500000, 0x0000000705500000| Untracked 
|  74|0x0000000705600000, 0x0000000705600000, 0x0000000705700000|  0%| F|  |TAMS 0x0000000705600000, 0x0000000705600000| Untracked 
|  75|0x0000000705700000, 0x0000000705700000, 0x0000000705800000|  0%| F|  |TAMS 0x0000000705700000, 0x0000000705700000| Untracked 
|  76|0x0000000705800000, 0x0000000705800000, 0x0000000705900000|  0%| F|  |TAMS 0x0000000705800000, 0x0000000705800000| Untracked 
|  77|0x0000000705900000, 0x0000000705900000, 0x0000000705a00000|  0%| F|  |TAMS 0x0000000705900000, 0x0000000705900000| Untracked 
|  78|0x0000000705a00000, 0x0000000705a00000, 0x0000000705b00000|  0%| F|  |TAMS 0x0000000705a00000, 0x0000000705a00000| Untracked 
|  79|0x0000000705b00000, 0x0000000705b00000, 0x0000000705c00000|  0%| F|  |TAMS 0x0000000705b00000, 0x0000000705b00000| Untracked 
|  80|0x0000000705c00000, 0x0000000705c00000, 0x0000000705d00000|  0%| F|  |TAMS 0x0000000705c00000, 0x0000000705c00000| Untracked 
|  81|0x0000000705d00000, 0x0000000705d00000, 0x0000000705e00000|  0%| F|  |TAMS 0x0000000705d00000, 0x0000000705d00000| Untracked 
|  82|0x0000000705e00000, 0x0000000705e00000, 0x0000000705f00000|  0%| F|  |TAMS 0x0000000705e00000, 0x0000000705e00000| Untracked 
|  83|0x0000000705f00000, 0x0000000705f00000, 0x0000000706000000|  0%| F|  |TAMS 0x0000000705f00000, 0x0000000705f00000| Untracked 
|  84|0x0000000706000000, 0x0000000706000000, 0x0000000706100000|  0%| F|  |TAMS 0x0000000706000000, 0x0000000706000000| Untracked 
|  85|0x0000000706100000, 0x0000000706100000, 0x0000000706200000|  0%| F|  |TAMS 0x0000000706100000, 0x0000000706100000| Untracked 
|  86|0x0000000706200000, 0x0000000706200000, 0x0000000706300000|  0%| F|  |TAMS 0x0000000706200000, 0x0000000706200000| Untracked 
|  87|0x0000000706300000, 0x0000000706300000, 0x0000000706400000|  0%| F|  |TAMS 0x0000000706300000, 0x0000000706300000| Untracked 
|  88|0x0000000706400000, 0x0000000706400000, 0x0000000706500000|  0%| F|  |TAMS 0x0000000706400000, 0x0000000706400000| Untracked 
|  89|0x0000000706500000, 0x0000000706500000, 0x0000000706600000|  0%| F|  |TAMS 0x0000000706500000, 0x0000000706500000| Untracked 
|  90|0x0000000706600000, 0x0000000706600000, 0x0000000706700000|  0%| F|  |TAMS 0x0000000706600000, 0x0000000706600000| Untracked 
|  91|0x0000000706700000, 0x0000000706700000, 0x0000000706800000|  0%| F|  |TAMS 0x0000000706700000, 0x0000000706700000| Untracked 
|  92|0x0000000706800000, 0x0000000706800000, 0x0000000706900000|  0%| F|  |TAMS 0x0000000706800000, 0x0000000706800000| Untracked 
|  93|0x0000000706900000, 0x0000000706900000, 0x0000000706a00000|  0%| F|  |TAMS 0x0000000706900000, 0x0000000706900000| Untracked 
|  94|0x0000000706a00000, 0x0000000706a00000, 0x0000000706b00000|  0%| F|  |TAMS 0x0000000706a00000, 0x0000000706a00000| Untracked 
|  95|0x0000000706b00000, 0x0000000706b00000, 0x0000000706c00000|  0%| F|  |TAMS 0x0000000706b00000, 0x0000000706b00000| Untracked 
|  96|0x0000000706c00000, 0x0000000706c00000, 0x0000000706d00000|  0%| F|  |TAMS 0x0000000706c00000, 0x0000000706c00000| Untracked 
|  97|0x0000000706d00000, 0x0000000706d00000, 0x0000000706e00000|  0%| F|  |TAMS 0x0000000706d00000, 0x0000000706d00000| Untracked 
|  98|0x0000000706e00000, 0x0000000706e00000, 0x0000000706f00000|  0%| F|  |TAMS 0x0000000706e00000, 0x0000000706e00000| Untracked 
|  99|0x0000000706f00000, 0x0000000706f00000, 0x0000000707000000|  0%| F|  |TAMS 0x0000000706f00000, 0x0000000706f00000| Untracked 
| 100|0x0000000707000000, 0x0000000707000000, 0x0000000707100000|  0%| F|  |TAMS 0x0000000707000000, 0x0000000707000000| Untracked 
| 101|0x0000000707100000, 0x0000000707100000, 0x0000000707200000|  0%| F|  |TAMS 0x0000000707100000, 0x0000000707100000| Untracked 
| 102|0x0000000707200000, 0x0000000707200000, 0x0000000707300000|  0%| F|  |TAMS 0x0000000707200000, 0x0000000707200000| Untracked 
| 103|0x0000000707300000, 0x0000000707300000, 0x0000000707400000|  0%| F|  |TAMS 0x0000000707300000, 0x0000000707300000| Untracked 
| 104|0x0000000707400000, 0x0000000707400000, 0x0000000707500000|  0%| F|  |TAMS 0x0000000707400000, 0x0000000707400000| Untracked 
| 105|0x0000000707500000, 0x0000000707500000, 0x0000000707600000|  0%| F|  |TAMS 0x0000000707500000, 0x0000000707500000| Untracked 
| 106|0x0000000707600000, 0x0000000707600000, 0x0000000707700000|  0%| F|  |TAMS 0x0000000707600000, 0x0000000707600000| Untracked 
| 107|0x0000000707700000, 0x0000000707700000, 0x0000000707800000|  0%| F|  |TAMS 0x0000000707700000, 0x0000000707700000| Untracked 
| 108|0x0000000707800000, 0x0000000707800000, 0x0000000707900000|  0%| F|  |TAMS 0x0000000707800000, 0x0000000707800000| Untracked 
| 109|0x0000000707900000, 0x0000000707900000, 0x0000000707a00000|  0%| F|  |TAMS 0x0000000707900000, 0x0000000707900000| Untracked 
| 110|0x0000000707a00000, 0x0000000707a00000, 0x0000000707b00000|  0%| F|  |TAMS 0x0000000707a00000, 0x0000000707a00000| Untracked 
| 111|0x0000000707b00000, 0x0000000707b00000, 0x0000000707c00000|  0%| F|  |TAMS 0x0000000707b00000, 0x0000000707b00000| Untracked 
| 112|0x0000000707c00000, 0x0000000707c00000, 0x0000000707d00000|  0%| F|  |TAMS 0x0000000707c00000, 0x0000000707c00000| Untracked 
| 113|0x0000000707d00000, 0x0000000707d00000, 0x0000000707e00000|  0%| F|  |TAMS 0x0000000707d00000, 0x0000000707d00000| Untracked 
| 114|0x0000000707e00000, 0x0000000707e00000, 0x0000000707f00000|  0%| F|  |TAMS 0x0000000707e00000, 0x0000000707e00000| Untracked 
| 115|0x0000000707f00000, 0x0000000707f00000, 0x0000000708000000|  0%| F|  |TAMS 0x0000000707f00000, 0x0000000707f00000| Untracked 
| 116|0x0000000708000000, 0x0000000708000000, 0x0000000708100000|  0%| F|  |TAMS 0x0000000708000000, 0x0000000708000000| Untracked 
| 117|0x0000000708100000, 0x0000000708100000, 0x0000000708200000|  0%| F|  |TAMS 0x0000000708100000, 0x0000000708100000| Untracked 
| 118|0x0000000708200000, 0x0000000708200000, 0x0000000708300000|  0%| F|  |TAMS 0x0000000708200000, 0x0000000708200000| Untracked 
| 119|0x0000000708300000, 0x0000000708300000, 0x0000000708400000|  0%| F|  |TAMS 0x0000000708300000, 0x0000000708300000| Untracked 
| 120|0x0000000708400000, 0x0000000708400000, 0x0000000708500000|  0%| F|  |TAMS 0x0000000708400000, 0x0000000708400000| Untracked 
| 121|0x0000000708500000, 0x0000000708500000, 0x0000000708600000|  0%| F|  |TAMS 0x0000000708500000, 0x0000000708500000| Untracked 
| 122|0x0000000708600000, 0x0000000708600000, 0x0000000708700000|  0%| F|  |TAMS 0x0000000708600000, 0x0000000708600000| Untracked 
| 123|0x0000000708700000, 0x0000000708700000, 0x0000000708800000|  0%| F|  |TAMS 0x0000000708700000, 0x0000000708700000| Untracked 
| 124|0x0000000708800000, 0x0000000708800000, 0x0000000708900000|  0%| F|  |TAMS 0x0000000708800000, 0x0000000708800000| Untracked 
| 125|0x0000000708900000, 0x0000000708900000, 0x0000000708a00000|  0%| F|  |TAMS 0x0000000708900000, 0x0000000708900000| Untracked 
| 126|0x0000000708a00000, 0x0000000708a00000, 0x0000000708b00000|  0%| F|  |TAMS 0x0000000708a00000, 0x0000000708a00000| Untracked 
| 127|0x0000000708b00000, 0x0000000708b00000, 0x0000000708c00000|  0%| F|  |TAMS 0x0000000708b00000, 0x0000000708b00000| Untracked 
| 128|0x0000000708c00000, 0x0000000708c00000, 0x0000000708d00000|  0%| F|  |TAMS 0x0000000708c00000, 0x0000000708c00000| Untracked 
| 129|0x0000000708d00000, 0x0000000708d00000, 0x0000000708e00000|  0%| F|  |TAMS 0x0000000708d00000, 0x0000000708d00000| Untracked 
| 130|0x0000000708e00000, 0x0000000708e00000, 0x0000000708f00000|  0%| F|  |TAMS 0x0000000708e00000, 0x0000000708e00000| Untracked 
| 131|0x0000000708f00000, 0x0000000708f00000, 0x0000000709000000|  0%| F|  |TAMS 0x0000000708f00000, 0x0000000708f00000| Untracked 
| 132|0x0000000709000000, 0x0000000709000000, 0x0000000709100000|  0%| F|  |TAMS 0x0000000709000000, 0x0000000709000000| Untracked 
| 133|0x0000000709100000, 0x0000000709100000, 0x0000000709200000|  0%| F|  |TAMS 0x0000000709100000, 0x0000000709100000| Untracked 
| 134|0x0000000709200000, 0x0000000709200000, 0x0000000709300000|  0%| F|  |TAMS 0x0000000709200000, 0x0000000709200000| Untracked 
| 135|0x0000000709300000, 0x0000000709300000, 0x0000000709400000|  0%| F|  |TAMS 0x0000000709300000, 0x0000000709300000| Untracked 
| 136|0x0000000709400000, 0x0000000709400000, 0x0000000709500000|  0%| F|  |TAMS 0x0000000709400000, 0x0000000709400000| Untracked 
| 137|0x0000000709500000, 0x0000000709500000, 0x0000000709600000|  0%| F|  |TAMS 0x0000000709500000, 0x0000000709500000| Untracked 
| 138|0x0000000709600000, 0x0000000709600000, 0x0000000709700000|  0%| F|  |TAMS 0x0000000709600000, 0x0000000709600000| Untracked 
| 139|0x0000000709700000, 0x0000000709700000, 0x0000000709800000|  0%| F|  |TAMS 0x0000000709700000, 0x0000000709700000| Untracked 
| 140|0x0000000709800000, 0x0000000709800000, 0x0000000709900000|  0%| F|  |TAMS 0x0000000709800000, 0x0000000709800000| Untracked 
| 141|0x0000000709900000, 0x0000000709900000, 0x0000000709a00000|  0%| F|  |TAMS 0x0000000709900000, 0x0000000709900000| Untracked 
| 142|0x0000000709a00000, 0x0000000709a00000, 0x0000000709b00000|  0%| F|  |TAMS 0x0000000709a00000, 0x0000000709a00000| Untracked 
| 143|0x0000000709b00000, 0x0000000709b00000, 0x0000000709c00000|  0%| F|  |TAMS 0x0000000709b00000, 0x0000000709b00000| Untracked 
| 144|0x0000000709c00000, 0x0000000709c00000, 0x0000000709d00000|  0%| F|  |TAMS 0x0000000709c00000, 0x0000000709c00000| Untracked 
| 145|0x0000000709d00000, 0x0000000709d00000, 0x0000000709e00000|  0%| F|  |TAMS 0x0000000709d00000, 0x0000000709d00000| Untracked 
| 146|0x0000000709e00000, 0x0000000709e00000, 0x0000000709f00000|  0%| F|  |TAMS 0x0000000709e00000, 0x0000000709e00000| Untracked 
| 147|0x0000000709f00000, 0x0000000709f00000, 0x000000070a000000|  0%| F|  |TAMS 0x0000000709f00000, 0x0000000709f00000| Untracked 
| 148|0x000000070a000000, 0x000000070a000000, 0x000000070a100000|  0%| F|  |TAMS 0x000000070a000000, 0x000000070a000000| Untracked 
| 149|0x000000070a100000, 0x000000070a100000, 0x000000070a200000|  0%| F|  |TAMS 0x000000070a100000, 0x000000070a100000| Untracked 
| 150|0x000000070a200000, 0x000000070a200000, 0x000000070a300000|  0%| F|  |TAMS 0x000000070a200000, 0x000000070a200000| Untracked 
| 151|0x000000070a300000, 0x000000070a300000, 0x000000070a400000|  0%| F|  |TAMS 0x000000070a300000, 0x000000070a300000| Untracked 
| 152|0x000000070a400000, 0x000000070a400000, 0x000000070a500000|  0%| F|  |TAMS 0x000000070a400000, 0x000000070a400000| Untracked 
| 153|0x000000070a500000, 0x000000070a500000, 0x000000070a600000|  0%| F|  |TAMS 0x000000070a500000, 0x000000070a500000| Untracked 
| 154|0x000000070a600000, 0x000000070a600000, 0x000000070a700000|  0%| F|  |TAMS 0x000000070a600000, 0x000000070a600000| Untracked 
| 155|0x000000070a700000, 0x000000070a700000, 0x000000070a800000|  0%| F|  |TAMS 0x000000070a700000, 0x000000070a700000| Untracked 
| 156|0x000000070a800000, 0x000000070a800000, 0x000000070a900000|  0%| F|  |TAMS 0x000000070a800000, 0x000000070a800000| Untracked 
| 157|0x000000070a900000, 0x000000070a900000, 0x000000070aa00000|  0%| F|  |TAMS 0x000000070a900000, 0x000000070a900000| Untracked 
| 158|0x000000070aa00000, 0x000000070aa00000, 0x000000070ab00000|  0%| F|  |TAMS 0x000000070aa00000, 0x000000070aa00000| Untracked 
| 159|0x000000070ab00000, 0x000000070ab00000, 0x000000070ac00000|  0%| F|  |TAMS 0x000000070ab00000, 0x000000070ab00000| Untracked 
| 160|0x000000070ac00000, 0x000000070ac00000, 0x000000070ad00000|  0%| F|  |TAMS 0x000000070ac00000, 0x000000070ac00000| Untracked 
| 161|0x000000070ad00000, 0x000000070ad00000, 0x000000070ae00000|  0%| F|  |TAMS 0x000000070ad00000, 0x000000070ad00000| Untracked 
| 162|0x000000070ae00000, 0x000000070ae00000, 0x000000070af00000|  0%| F|  |TAMS 0x000000070ae00000, 0x000000070ae00000| Untracked 
| 163|0x000000070af00000, 0x000000070af00000, 0x000000070b000000|  0%| F|  |TAMS 0x000000070af00000, 0x000000070af00000| Untracked 
| 164|0x000000070b000000, 0x000000070b000000, 0x000000070b100000|  0%| F|  |TAMS 0x000000070b000000, 0x000000070b000000| Untracked 
| 165|0x000000070b100000, 0x000000070b100000, 0x000000070b200000|  0%| F|  |TAMS 0x000000070b100000, 0x000000070b100000| Untracked 
| 166|0x000000070b200000, 0x000000070b200000, 0x000000070b300000|  0%| F|  |TAMS 0x000000070b200000, 0x000000070b200000| Untracked 
| 167|0x000000070b300000, 0x000000070b300000, 0x000000070b400000|  0%| F|  |TAMS 0x000000070b300000, 0x000000070b300000| Untracked 
| 168|0x000000070b400000, 0x000000070b400000, 0x000000070b500000|  0%| F|  |TAMS 0x000000070b400000, 0x000000070b400000| Untracked 
| 169|0x000000070b500000, 0x000000070b500000, 0x000000070b600000|  0%| F|  |TAMS 0x000000070b500000, 0x000000070b500000| Untracked 
| 170|0x000000070b600000, 0x000000070b600000, 0x000000070b700000|  0%| F|  |TAMS 0x000000070b600000, 0x000000070b600000| Untracked 
| 171|0x000000070b700000, 0x000000070b700000, 0x000000070b800000|  0%| F|  |TAMS 0x000000070b700000, 0x000000070b700000| Untracked 
| 172|0x000000070b800000, 0x000000070b800000, 0x000000070b900000|  0%| F|  |TAMS 0x000000070b800000, 0x000000070b800000| Untracked 
| 173|0x000000070b900000, 0x000000070b900000, 0x000000070ba00000|  0%| F|  |TAMS 0x000000070b900000, 0x000000070b900000| Untracked 
| 174|0x000000070ba00000, 0x000000070ba00000, 0x000000070bb00000|  0%| F|  |TAMS 0x000000070ba00000, 0x000000070ba00000| Untracked 
| 175|0x000000070bb00000, 0x000000070bb00000, 0x000000070bc00000|  0%| F|  |TAMS 0x000000070bb00000, 0x000000070bb00000| Untracked 
| 176|0x000000070bc00000, 0x000000070bc00000, 0x000000070bd00000|  0%| F|  |TAMS 0x000000070bc00000, 0x000000070bc00000| Untracked 
| 177|0x000000070bd00000, 0x000000070bd00000, 0x000000070be00000|  0%| F|  |TAMS 0x000000070bd00000, 0x000000070bd00000| Untracked 
| 178|0x000000070be00000, 0x000000070be00000, 0x000000070bf00000|  0%| F|  |TAMS 0x000000070be00000, 0x000000070be00000| Untracked 
| 179|0x000000070bf00000, 0x000000070bf00000, 0x000000070c000000|  0%| F|  |TAMS 0x000000070bf00000, 0x000000070bf00000| Untracked 
| 180|0x000000070c000000, 0x000000070c000000, 0x000000070c100000|  0%| F|  |TAMS 0x000000070c000000, 0x000000070c000000| Untracked 
| 181|0x000000070c100000, 0x000000070c100000, 0x000000070c200000|  0%| F|  |TAMS 0x000000070c100000, 0x000000070c100000| Untracked 
| 182|0x000000070c200000, 0x000000070c200000, 0x000000070c300000|  0%| F|  |TAMS 0x000000070c200000, 0x000000070c200000| Untracked 
| 183|0x000000070c300000, 0x000000070c300000, 0x000000070c400000|  0%| F|  |TAMS 0x000000070c300000, 0x000000070c300000| Untracked 
| 184|0x000000070c400000, 0x000000070c400000, 0x000000070c500000|  0%| F|  |TAMS 0x000000070c400000, 0x000000070c400000| Untracked 
| 185|0x000000070c500000, 0x000000070c500000, 0x000000070c600000|  0%| F|  |TAMS 0x000000070c500000, 0x000000070c500000| Untracked 
| 186|0x000000070c600000, 0x000000070c600000, 0x000000070c700000|  0%| F|  |TAMS 0x000000070c600000, 0x000000070c600000| Untracked 
| 187|0x000000070c700000, 0x000000070c700000, 0x000000070c800000|  0%| F|  |TAMS 0x000000070c700000, 0x000000070c700000| Untracked 
| 188|0x000000070c800000, 0x000000070c800000, 0x000000070c900000|  0%| F|  |TAMS 0x000000070c800000, 0x000000070c800000| Untracked 
| 189|0x000000070c900000, 0x000000070c900000, 0x000000070ca00000|  0%| F|  |TAMS 0x000000070c900000, 0x000000070c900000| Untracked 
| 190|0x000000070ca00000, 0x000000070ca00000, 0x000000070cb00000|  0%| F|  |TAMS 0x000000070ca00000, 0x000000070ca00000| Untracked 
| 191|0x000000070cb00000, 0x000000070cb00000, 0x000000070cc00000|  0%| F|  |TAMS 0x000000070cb00000, 0x000000070cb00000| Untracked 
| 192|0x000000070cc00000, 0x000000070cc00000, 0x000000070cd00000|  0%| F|  |TAMS 0x000000070cc00000, 0x000000070cc00000| Untracked 
| 193|0x000000070cd00000, 0x000000070cd00000, 0x000000070ce00000|  0%| F|  |TAMS 0x000000070cd00000, 0x000000070cd00000| Untracked 
| 194|0x000000070ce00000, 0x000000070ce00000, 0x000000070cf00000|  0%| F|  |TAMS 0x000000070ce00000, 0x000000070ce00000| Untracked 
| 195|0x000000070cf00000, 0x000000070cf00000, 0x000000070d000000|  0%| F|  |TAMS 0x000000070cf00000, 0x000000070cf00000| Untracked 
| 196|0x000000070d000000, 0x000000070d000000, 0x000000070d100000|  0%| F|  |TAMS 0x000000070d000000, 0x000000070d000000| Untracked 
| 197|0x000000070d100000, 0x000000070d100000, 0x000000070d200000|  0%| F|  |TAMS 0x000000070d100000, 0x000000070d100000| Untracked 
| 198|0x000000070d200000, 0x000000070d200000, 0x000000070d300000|  0%| F|  |TAMS 0x000000070d200000, 0x000000070d200000| Untracked 
| 199|0x000000070d300000, 0x000000070d300000, 0x000000070d400000|  0%| F|  |TAMS 0x000000070d300000, 0x000000070d300000| Untracked 
| 200|0x000000070d400000, 0x000000070d400000, 0x000000070d500000|  0%| F|  |TAMS 0x000000070d400000, 0x000000070d400000| Untracked 
| 201|0x000000070d500000, 0x000000070d500000, 0x000000070d600000|  0%| F|  |TAMS 0x000000070d500000, 0x000000070d500000| Untracked 
| 202|0x000000070d600000, 0x000000070d600000, 0x000000070d700000|  0%| F|  |TAMS 0x000000070d600000, 0x000000070d600000| Untracked 
| 203|0x000000070d700000, 0x000000070d700000, 0x000000070d800000|  0%| F|  |TAMS 0x000000070d700000, 0x000000070d700000| Untracked 
| 204|0x000000070d800000, 0x000000070d800000, 0x000000070d900000|  0%| F|  |TAMS 0x000000070d800000, 0x000000070d800000| Untracked 
| 205|0x000000070d900000, 0x000000070d900000, 0x000000070da00000|  0%| F|  |TAMS 0x000000070d900000, 0x000000070d900000| Untracked 
| 206|0x000000070da00000, 0x000000070da00000, 0x000000070db00000|  0%| F|  |TAMS 0x000000070da00000, 0x000000070da00000| Untracked 
| 207|0x000000070db00000, 0x000000070db00000, 0x000000070dc00000|  0%| F|  |TAMS 0x000000070db00000, 0x000000070db00000| Untracked 
| 208|0x000000070dc00000, 0x000000070dc00000, 0x000000070dd00000|  0%| F|  |TAMS 0x000000070dc00000, 0x000000070dc00000| Untracked 
| 209|0x000000070dd00000, 0x000000070dd00000, 0x000000070de00000|  0%| F|  |TAMS 0x000000070dd00000, 0x000000070dd00000| Untracked 
| 210|0x000000070de00000, 0x000000070de00000, 0x000000070df00000|  0%| F|  |TAMS 0x000000070de00000, 0x000000070de00000| Untracked 
| 211|0x000000070df00000, 0x000000070df00000, 0x000000070e000000|  0%| F|  |TAMS 0x000000070df00000, 0x000000070df00000| Untracked 
| 212|0x000000070e000000, 0x000000070e000000, 0x000000070e100000|  0%| F|  |TAMS 0x000000070e000000, 0x000000070e000000| Untracked 
| 213|0x000000070e100000, 0x000000070e100000, 0x000000070e200000|  0%| F|  |TAMS 0x000000070e100000, 0x000000070e100000| Untracked 
| 214|0x000000070e200000, 0x000000070e200000, 0x000000070e300000|  0%| F|  |TAMS 0x000000070e200000, 0x000000070e200000| Untracked 
| 215|0x000000070e300000, 0x000000070e300000, 0x000000070e400000|  0%| F|  |TAMS 0x000000070e300000, 0x000000070e300000| Untracked 
| 216|0x000000070e400000, 0x000000070e400000, 0x000000070e500000|  0%| F|  |TAMS 0x000000070e400000, 0x000000070e400000| Untracked 
| 217|0x000000070e500000, 0x000000070e500000, 0x000000070e600000|  0%| F|  |TAMS 0x000000070e500000, 0x000000070e500000| Untracked 
| 218|0x000000070e600000, 0x000000070e600000, 0x000000070e700000|  0%| F|  |TAMS 0x000000070e600000, 0x000000070e600000| Untracked 
| 219|0x000000070e700000, 0x000000070e700000, 0x000000070e800000|  0%| F|  |TAMS 0x000000070e700000, 0x000000070e700000| Untracked 
| 220|0x000000070e800000, 0x000000070e800000, 0x000000070e900000|  0%| F|  |TAMS 0x000000070e800000, 0x000000070e800000| Untracked 
| 221|0x000000070e900000, 0x000000070e900000, 0x000000070ea00000|  0%| F|  |TAMS 0x000000070e900000, 0x000000070e900000| Untracked 
| 222|0x000000070ea00000, 0x000000070ea00000, 0x000000070eb00000|  0%| F|  |TAMS 0x000000070ea00000, 0x000000070ea00000| Untracked 
| 223|0x000000070eb00000, 0x000000070eb00000, 0x000000070ec00000|  0%| F|  |TAMS 0x000000070eb00000, 0x000000070eb00000| Untracked 
| 224|0x000000070ec00000, 0x000000070ec00000, 0x000000070ed00000|  0%| F|  |TAMS 0x000000070ec00000, 0x000000070ec00000| Untracked 
| 225|0x000000070ed00000, 0x000000070ed00000, 0x000000070ee00000|  0%| F|  |TAMS 0x000000070ed00000, 0x000000070ed00000| Untracked 
| 226|0x000000070ee00000, 0x000000070ee00000, 0x000000070ef00000|  0%| F|  |TAMS 0x000000070ee00000, 0x000000070ee00000| Untracked 
| 227|0x000000070ef00000, 0x000000070ef00000, 0x000000070f000000|  0%| F|  |TAMS 0x000000070ef00000, 0x000000070ef00000| Untracked 
| 228|0x000000070f000000, 0x000000070f000000, 0x000000070f100000|  0%| F|  |TAMS 0x000000070f000000, 0x000000070f000000| Untracked 
| 229|0x000000070f100000, 0x000000070f100000, 0x000000070f200000|  0%| F|  |TAMS 0x000000070f100000, 0x000000070f100000| Untracked 
| 230|0x000000070f200000, 0x000000070f200000, 0x000000070f300000|  0%| F|  |TAMS 0x000000070f200000, 0x000000070f200000| Untracked 
| 231|0x000000070f300000, 0x000000070f300000, 0x000000070f400000|  0%| F|  |TAMS 0x000000070f300000, 0x000000070f300000| Untracked 
| 232|0x000000070f400000, 0x000000070f400000, 0x000000070f500000|  0%| F|  |TAMS 0x000000070f400000, 0x000000070f400000| Untracked 
| 233|0x000000070f500000, 0x000000070f500000, 0x000000070f600000|  0%| F|  |TAMS 0x000000070f500000, 0x000000070f500000| Untracked 
| 234|0x000000070f600000, 0x000000070f600000, 0x000000070f700000|  0%| F|  |TAMS 0x000000070f600000, 0x000000070f600000| Untracked 
| 235|0x000000070f700000, 0x000000070f700000, 0x000000070f800000|  0%| F|  |TAMS 0x000000070f700000, 0x000000070f700000| Untracked 
| 236|0x000000070f800000, 0x000000070f800000, 0x000000070f900000|  0%| F|  |TAMS 0x000000070f800000, 0x000000070f800000| Untracked 
| 237|0x000000070f900000, 0x000000070f900000, 0x000000070fa00000|  0%| F|  |TAMS 0x000000070f900000, 0x000000070f900000| Untracked 
| 238|0x000000070fa00000, 0x000000070fa00000, 0x000000070fb00000|  0%| F|  |TAMS 0x000000070fa00000, 0x000000070fa00000| Untracked 
| 239|0x000000070fb00000, 0x000000070fb00000, 0x000000070fc00000|  0%| F|  |TAMS 0x000000070fb00000, 0x000000070fb00000| Untracked 
| 240|0x000000070fc00000, 0x000000070fcf9890, 0x000000070fd00000| 97%| E|  |TAMS 0x000000070fc00000, 0x000000070fc00000| Complete 
| 241|0x000000070fd00000, 0x000000070fe00000, 0x000000070fe00000|100%| E|CS|TAMS 0x000000070fd00000, 0x000000070fd00000| Complete 
| 242|0x000000070fe00000, 0x000000070ff00000, 0x000000070ff00000|100%| E|CS|TAMS 0x000000070fe00000, 0x000000070fe00000| Complete 
| 243|0x000000070ff00000, 0x0000000710000000, 0x0000000710000000|100%| E|CS|TAMS 0x000000070ff00000, 0x000000070ff00000| Complete 
| 244|0x0000000710000000, 0x0000000710100000, 0x0000000710100000|100%| E|CS|TAMS 0x0000000710000000, 0x0000000710000000| Complete 
| 245|0x0000000710100000, 0x0000000710200000, 0x0000000710200000|100%| E|CS|TAMS 0x0000000710100000, 0x0000000710100000| Complete 
| 246|0x0000000710200000, 0x0000000710300000, 0x0000000710300000|100%| E|CS|TAMS 0x0000000710200000, 0x0000000710200000| Complete 
| 247|0x0000000710300000, 0x0000000710400000, 0x0000000710400000|100%| E|  |TAMS 0x0000000710300000, 0x0000000710300000| Complete 
| 248|0x0000000710400000, 0x0000000710500000, 0x0000000710500000|100%| E|CS|TAMS 0x0000000710400000, 0x0000000710400000| Complete 
| 249|0x0000000710500000, 0x0000000710600000, 0x0000000710600000|100%| E|CS|TAMS 0x0000000710500000, 0x0000000710500000| Complete 
| 250|0x0000000710600000, 0x0000000710700000, 0x0000000710700000|100%| E|CS|TAMS 0x0000000710600000, 0x0000000710600000| Complete 
| 251|0x0000000710700000, 0x0000000710800000, 0x0000000710800000|100%| E|CS|TAMS 0x0000000710700000, 0x0000000710700000| Complete 
| 252|0x0000000710800000, 0x0000000710900000, 0x0000000710900000|100%| E|CS|TAMS 0x0000000710800000, 0x0000000710800000| Complete 
| 253|0x0000000710900000, 0x0000000710a00000, 0x0000000710a00000|100%| E|CS|TAMS 0x0000000710900000, 0x0000000710900000| Complete 
| 254|0x0000000710a00000, 0x0000000710b00000, 0x0000000710b00000|100%| E|CS|TAMS 0x0000000710a00000, 0x0000000710a00000| Complete 
| 255|0x0000000710b00000, 0x0000000710c00000, 0x0000000710c00000|100%| E|CS|TAMS 0x0000000710b00000, 0x0000000710b00000| Complete 

Card table byte_map: [0x0000022bf1f90000,0x0000022bf2790000] _byte_map_base: 0x0000022bee78a000

Marking Bits (Prev, Next): (CMBitMap*) 0x0000022bd7b864e8, (CMBitMap*) 0x0000022bd7b86520
 Prev Bits: [0x0000022bf2f90000, 0x0000022bf6f60000)
 Next Bits: [0x0000022bf6f60000, 0x0000022bfaf30000)

Polling page: 0x0000022bd7c00000

Metaspace:

Usage:
  Non-class:     10.39 MB capacity,    10.21 MB ( 98%) used,   169.77 KB (  2%) free+waste,    14.19 KB ( <1%) overhead. 
      Class:      1.15 MB capacity,     1.08 MB ( 94%) used,    59.00 KB (  5%) free+waste,     6.31 KB ( <1%) overhead. 
       Both:     11.54 MB capacity,    11.30 MB ( 98%) used,   228.77 KB (  2%) free+waste,    20.50 KB ( <1%) overhead. 

Virtual space:
  Non-class space:       12.00 MB reserved,      10.50 MB ( 88%) committed 
      Class space:        1.00 GB reserved,       1.25 MB ( <1%) committed 
             Both:        1.01 GB reserved,      11.75 MB (  1%) committed 

Chunk freelists:
   Non-Class:  45.00 KB
       Class:  9.00 KB
        Both:  54.00 KB

MaxMetaspaceSize: 17179869184.00 GB
CompressedClassSpaceSize: 1.00 GB
Initial GC threshold: 20.80 MB
Current GC threshold: 20.80 MB
CDS: off

CodeHeap 'non-profiled nmethods': size=120000Kb used=257Kb max_used=257Kb free=119743Kb
 bounds [0x0000022be95d0000, 0x0000022be9840000, 0x0000022bf0b00000]
CodeHeap 'profiled nmethods': size=120000Kb used=1657Kb max_used=1657Kb free=118343Kb
 bounds [0x0000022be20a0000, 0x0000022be2310000, 0x0000022be95d0000]
CodeHeap 'non-nmethods': size=5760Kb used=1131Kb max_used=1142Kb free=4628Kb
 bounds [0x0000022be1b00000, 0x0000022be1d70000, 0x0000022be20a0000]
 total_blobs=1235 nmethods=850 adapters=298
 compilation: enabled
              stopped_count=0, restarted_count=0
 full_count=0

Compilation events (20 events):
Event: 0.546 Thread 0x0000022bfe610800  734       3       java.util.zip.CRC32::updateBytesCheck (55 bytes)
Event: 0.547 Thread 0x0000022bfe610800 nmethod 734 0x0000022be2207710 code [0x0000022be2207920, 0x0000022be2207e68]
Event: 0.553 Thread 0x0000022bfe610800  736       3       java.lang.PublicMethods$Key::matches (31 bytes)
Event: 0.553 Thread 0x0000022bfe610800 nmethod 736 0x0000022be2208090 code [0x0000022be22082a0, 0x0000022be2208738]
Event: 0.554 Thread 0x0000022bfe610800  737       3       java.util.Arrays::equals (57 bytes)
Event: 0.554 Thread 0x0000022bfe610800 nmethod 737 0x0000022be2208910 code [0x0000022be2208b00, 0x0000022be2209068]
Event: 0.554 Thread 0x0000022bfe610800  738       3       jdk.internal.org.objectweb.asm.ClassWriter::put122 (15 bytes)
Event: 0.554 Thread 0x0000022bfe610800 nmethod 738 0x0000022be2209210 code [0x0000022be22093e0, 0x0000022be2209578]
Event: 0.554 Thread 0x0000022bfe610800  739       3       jdk.internal.org.objectweb.asm.ClassWriter::newClass (11 bytes)
Event: 0.554 Thread 0x0000022bfe610800 nmethod 739 0x0000022be2209690 code [0x0000022be2209840, 0x0000022be2209988]
Event: 0.554 Thread 0x0000022bfe610800  740       3       java.lang.invoke.MemberName::isConstructor (7 bytes)
Event: 0.555 Thread 0x0000022bfe610800 nmethod 740 0x0000022be2209a90 code [0x0000022be2209c40, 0x0000022be2209e78]
Event: 0.561 Thread 0x0000022bfe610800  742       3       java.lang.ClassLoader::definePackage (84 bytes)
Event: 0.562 Thread 0x0000022bfe610800 nmethod 742 0x0000022be2209f90 code [0x0000022be220a2a0, 0x0000022be220b458]
Event: 0.562 Thread 0x0000022bfe610800  743       3       java.lang.Package::isSealed (26 bytes)
Event: 0.562 Thread 0x0000022bfe610800 nmethod 743 0x0000022be220b990 code [0x0000022be220bb60, 0x0000022be220be78]
Event: 0.562 Thread 0x0000022bfe610800  744       3       java.lang.ClassLoader::compareCerts (201 bytes)
Event: 0.563 Thread 0x0000022bfe610800 nmethod 744 0x0000022be220bf90 code [0x0000022be220c1c0, 0x0000022be220ca78]
Event: 0.564 Thread 0x0000022bfe610800  745       3       java.lang.invoke.MemberName::getMethodOrFieldType (72 bytes)
Event: 0.565 Thread 0x0000022bfe610800 nmethod 745 0x0000022be220cd90 code [0x0000022be220d100, 0x0000022be220e468]

GC Heap History (0 events):
No events

Deoptimization events (20 events):
Event: 0.315 Thread 0x0000022bd7b20800 DEOPT PACKING pc=0x0000022be2140ad0 sp=0x0000006cd92fc880
Event: 0.315 Thread 0x0000022bd7b20800 DEOPT UNPACKING pc=0x0000022be1b4a95e sp=0x0000006cd92fbd08 mode 0
Event: 0.324 Thread 0x0000022bd7b20800 DEOPT PACKING pc=0x0000022be2140ad0 sp=0x0000006cd92faf00
Event: 0.324 Thread 0x0000022bd7b20800 DEOPT UNPACKING pc=0x0000022be1b4a95e sp=0x0000006cd92fa388 mode 0
Event: 0.325 Thread 0x0000022bd7b20800 DEOPT PACKING pc=0x0000022be2140ad0 sp=0x0000006cd92fcb60
Event: 0.325 Thread 0x0000022bd7b20800 DEOPT UNPACKING pc=0x0000022be1b4a95e sp=0x0000006cd92fbfe8 mode 0
Event: 0.327 Thread 0x0000022bd7b20800 DEOPT PACKING pc=0x0000022be2140ad0 sp=0x0000006cd92fc950
Event: 0.327 Thread 0x0000022bd7b20800 DEOPT UNPACKING pc=0x0000022be1b4a95e sp=0x0000006cd92fbdd8 mode 0
Event: 0.372 Thread 0x0000022bd7b20800 Uncommon trap: trap_request=0xffffff4d fr.pc=0x0000022be95e1bb8 relative=0x00000000000003f8
Event: 0.372 Thread 0x0000022bd7b20800 Uncommon trap: reason=unstable_if action=reinterpret pc=0x0000022be95e1bb8 method=java.lang.StringLatin1.canEncode(I)Z @ 4 c2
Event: 0.372 Thread 0x0000022bd7b20800 DEOPT PACKING pc=0x0000022be95e1bb8 sp=0x0000006cd92fd660
Event: 0.372 Thread 0x0000022bd7b20800 DEOPT UNPACKING pc=0x0000022be1b4a1af sp=0x0000006cd92fd588 mode 2
Event: 0.372 Thread 0x0000022bd7b20800 Uncommon trap: trap_request=0xffffff4d fr.pc=0x0000022be95e2b24 relative=0x00000000000003e4
Event: 0.373 Thread 0x0000022bd7b20800 Uncommon trap: reason=unstable_if action=reinterpret pc=0x0000022be95e2b24 method=java.lang.AbstractStringBuilder.isLatin1()Z @ 10 c2
Event: 0.373 Thread 0x0000022bd7b20800 DEOPT PACKING pc=0x0000022be95e2b24 sp=0x0000006cd92fd670
Event: 0.373 Thread 0x0000022bd7b20800 DEOPT UNPACKING pc=0x0000022be1b4a1af sp=0x0000006cd92fd5f0 mode 2
Event: 0.388 Thread 0x0000022bd7b20800 Uncommon trap: trap_request=0xffffff4d fr.pc=0x0000022be95db254 relative=0x0000000000000034
Event: 0.388 Thread 0x0000022bd7b20800 Uncommon trap: reason=unstable_if action=reinterpret pc=0x0000022be95db254 method=java.lang.StringLatin1.canEncode(I)Z @ 4 c2
Event: 0.388 Thread 0x0000022bd7b20800 DEOPT PACKING pc=0x0000022be95db254 sp=0x0000006cd92fcd40
Event: 0.388 Thread 0x0000022bd7b20800 DEOPT UNPACKING pc=0x0000022be1b4a1af sp=0x0000006cd92fccd0 mode 2

Classes redefined (0 events):
No events

Internal exceptions (7 events):
Event: 0.302 Thread 0x0000022bd7b20800 Exception <a 'java/lang/ClassNotFoundException'{0x000000071055cd40}: javax/smartcardio/CardPermission> (0x000000071055cd40) thrown at [./src/hotspot/share/classfile/systemDictionary.cpp, line 233]
Event: 0.307 Thread 0x0000022bd7b20800 Exception <a 'java/io/FileNotFoundException'{0x000000071056c830}> (0x000000071056c830) thrown at [./src/hotspot/share/prims/jni.cpp, line 617]
Event: 0.444 Thread 0x0000022bd7b20800 Exception <a 'java/lang/NoSuchMethodError'{0x000000071011fba8}: 'java.lang.Object java.lang.invoke.DirectMethodHandle$Holder.invokeSpecialIFC(java.lang.Object, java.lang.Object, java.lang.Object, java.lang.Object)'> (0x000000071011fba8) thrown at [./src/hotspot/share/interpreter/linkResolver.cpp, line 773]
Event: 0.464 Thread 0x0000022bd7b20800 Exception <a 'java/lang/NoSuchMethodError'{0x00000007101e0b78}: 'int java.lang.invoke.DirectMethodHandle$Holder.invokeStaticInit(java.lang.Object, java.lang.Object)'> (0x00000007101e0b78) thrown at [./src/hotspot/share/interpreter/linkResolver.cpp, line 773]
Event: 0.527 Thread 0x0000022bd7b20800 Exception <a 'java/lang/NoSuchMethodError'{0x000000070fff23f0}: 'int java.lang.invoke.DirectMethodHandle$Holder.invokeStaticInit(java.lang.Object, java.lang.Object, java.lang.Object)'> (0x000000070fff23f0) thrown at [./src/hotspot/share/interpreter/linkResolver.cpp, line 773]
Event: 0.537 Thread 0x0000022bd7b20800 Exception <a 'java/lang/NoSuchMethodError'{0x000000070fe66290}: 'void java.lang.invoke.DirectMethodHandle$Holder.invokeSpecial(java.lang.Object, java.lang.Object)'> (0x000000070fe66290) thrown at [./src/hotspot/share/interpreter/linkResolver.cpp, line 773]
Event: 0.541 Thread 0x0000022bd7b20800 Exception <a 'java/lang/NoSuchMethodError'{0x000000070fe9af10}: 'java.lang.Object java.lang.invoke.DirectMethodHandle$Holder.invokeStaticInit(java.lang.Object, java.lang.Object, java.lang.Object)'> (0x000000070fe9af10) thrown at [./src/hotspot/share/interpreter/linkResolver.cpp, line 773]

Events (20 events):
Event: 0.557 loading class org/springframework/aop/support/AopUtils
Event: 0.557 loading class org/springframework/aop/support/AopUtils done
Event: 0.559 loading class org/springframework/aop/AopInvocationException
Event: 0.559 loading class org/springframework/aop/AopInvocationException done
Event: 0.559 loading class org/springframework/aop/SpringProxy
Event: 0.559 loading class org/springframework/aop/SpringProxy done
Event: 0.560 loading class org/springframework/boot/builder/ParentContextApplicationContextInitializer$ParentContextAvailableEvent
Event: 0.560 loading class org/springframework/boot/builder/ParentContextApplicationContextInitializer$ParentContextAvailableEvent done
Event: 0.561 loading class org/springframework/context/event/ContextRefreshedEvent
Event: 0.561 loading class org/springframework/context/event/ContextRefreshedEvent done
Event: 0.562 loading class org/springframework/boot/logging/LoggingSystem
Event: 0.562 loading class org/springframework/boot/logging/LoggingSystem done
Event: 0.562 loading class org/springframework/boot/logging/LoggingSystem$NoOpLoggingSystem
Event: 0.562 loading class org/springframework/boot/logging/LoggingSystem$NoOpLoggingSystem done
Event: 0.563 loading class org/springframework/boot/logging/LoggingSystemFactory
Event: 0.563 loading class org/springframework/boot/logging/LoggingSystemFactory done
Event: 0.563 loading class org/springframework/boot/logging/DelegatingLoggingSystemFactory
Event: 0.563 loading class org/springframework/boot/logging/DelegatingLoggingSystemFactory done
Event: 0.564 loading class ch/qos/logback/core/spi/FilterReply
Event: 0.564 loading class ch/qos/logback/core/spi/FilterReply done


Dynamic libraries:
0x00007ff7d2820000 - 0x00007ff7d282d000 	C:\Program Files\Zulu\zulu-11\bin\java.exe
0x00007fffc78b0000 - 0x00007fffc7aa8000 	C:\WINDOWS\SYSTEM32\ntdll.dll
0x00007fffc6050000 - 0x00007fffc610f000 	C:\WINDOWS\System32\KERNEL32.DLL
0x00007fffc50a0000 - 0x00007fffc5372000 	C:\WINDOWS\System32\KERNELBASE.dll
0x00007fffc4fa0000 - 0x00007fffc50a0000 	C:\WINDOWS\System32\ucrtbase.dll
0x00007fffb4e40000 - 0x00007fffb4e57000 	C:\Program Files\Zulu\zulu-11\bin\jli.dll
0x00007fffb6330000 - 0x00007fffb6345000 	C:\Program Files\Zulu\zulu-11\bin\VCRUNTIME140.dll
0x00007fffc5b10000 - 0x00007fffc5cb1000 	C:\WINDOWS\System32\USER32.dll
0x00007fffc5380000 - 0x00007fffc53a2000 	C:\WINDOWS\System32\win32u.dll
0x00007fffc7840000 - 0x00007fffc786b000 	C:\WINDOWS\System32\GDI32.dll
0x00007fffafe50000 - 0x00007fffb00ea000 	C:\WINDOWS\WinSxS\amd64_microsoft.windows.common-controls_6595b64144ccf1df_6.0.19041.1110_none_60b5254171f9507e\COMCTL32.dll
0x00007fffc56d0000 - 0x00007fffc57df000 	C:\WINDOWS\System32\gdi32full.dll
0x00007fffc5fb0000 - 0x00007fffc604e000 	C:\WINDOWS\System32\msvcrt.dll
0x00007fffc57e0000 - 0x00007fffc587d000 	C:\WINDOWS\System32\msvcp_win.dll
0x00007fffc6b50000 - 0x00007fffc6b82000 	C:\WINDOWS\System32\IMM32.DLL
0x00007fff8e900000 - 0x00007fff8e99b000 	C:\Program Files\Zulu\zulu-11\bin\msvcp140.dll
0x00007fff7ff90000 - 0x00007fff80b24000 	C:\Program Files\Zulu\zulu-11\bin\server\jvm.dll
0x00007fffc6aa0000 - 0x00007fffc6b4e000 	C:\WINDOWS\System32\ADVAPI32.dll
0x00007fffc6bb0000 - 0x00007fffc6c4c000 	C:\WINDOWS\System32\sechost.dll
0x00007fffc68e0000 - 0x00007fffc6a05000 	C:\WINDOWS\System32\RPCRT4.dll
0x00007fffc70e0000 - 0x00007fffc70e8000 	C:\WINDOWS\System32\PSAPI.DLL
0x00007fffb2000000 - 0x00007fffb2027000 	C:\WINDOWS\SYSTEM32\WINMM.dll
0x00007fffbd640000 - 0x00007fffbd64a000 	C:\WINDOWS\SYSTEM32\VERSION.dll
0x00007fffbf110000 - 0x00007fffbf119000 	C:\WINDOWS\SYSTEM32\WSOCK32.dll
0x00007fffc63f0000 - 0x00007fffc645b000 	C:\WINDOWS\System32\WS2_32.dll
0x00007fffc2e40000 - 0x00007fffc2e52000 	C:\WINDOWS\SYSTEM32\kernel.appcore.dll
0x00007fffbdf90000 - 0x00007fffbdfa0000 	C:\Program Files\Zulu\zulu-11\bin\verify.dll
0x00007fffaf520000 - 0x00007fffaf704000 	C:\WINDOWS\SYSTEM32\DBGHELP.DLL
0x00007fffaedb0000 - 0x00007fffaede5000 	C:\WINDOWS\SYSTEM32\dbgcore.DLL
0x00007fffc55f0000 - 0x00007fffc5672000 	C:\WINDOWS\System32\bcryptPrimitives.dll
0x00007fffb1440000 - 0x00007fffb1468000 	C:\Program Files\Zulu\zulu-11\bin\java.dll
0x00007fffbdd70000 - 0x00007fffbdd7a000 	C:\Program Files\Zulu\zulu-11\bin\jimage.dll
0x00007fffb1550000 - 0x00007fffb1568000 	C:\Program Files\Zulu\zulu-11\bin\zip.dll
0x00007fffc70f0000 - 0x00007fffc7834000 	C:\WINDOWS\System32\SHELL32.dll
0x00007fffc3040000 - 0x00007fffc37d2000 	C:\WINDOWS\SYSTEM32\windows.storage.dll
0x00007fffc6c50000 - 0x00007fffc6fa5000 	C:\WINDOWS\System32\combase.dll
0x00007fffc4a00000 - 0x00007fffc4a30000 	C:\WINDOWS\SYSTEM32\Wldp.dll
0x00007fffc6110000 - 0x00007fffc61bd000 	C:\WINDOWS\System32\SHCORE.dll
0x00007fffc5ab0000 - 0x00007fffc5b05000 	C:\WINDOWS\System32\shlwapi.dll
0x00007fffc4ee0000 - 0x00007fffc4eff000 	C:\WINDOWS\SYSTEM32\profapi.dll
0x00007fffbe0f0000 - 0x00007fffbe109000 	C:\Program Files\Zulu\zulu-11\bin\net.dll
0x00007fffbd530000 - 0x00007fffbd63c000 	C:\WINDOWS\SYSTEM32\WINHTTP.dll
0x00007fffc4710000 - 0x00007fffc477a000 	C:\WINDOWS\system32\mswsock.dll
0x00007fffb7690000 - 0x00007fffb76a3000 	C:\Program Files\Zulu\zulu-11\bin\nio.dll

dbghelp: loaded successfully - version: 4.0.5 - missing functions: none
symbol engine: initialized successfully - sym options: 0x614 - pdb path: .;C:\Program Files\Zulu\zulu-11\bin;C:\WINDOWS\SYSTEM32;C:\WINDOWS\WinSxS\amd64_microsoft.windows.common-controls_6595b64144ccf1df_6.0.19041.1110_none_60b5254171f9507e;C:\Program Files\Zulu\zulu-11\bin\server

VM Arguments:
jvm_args: -Dfile.encoding=UTF-8 -Duser.country=KR -Duser.language=ko -Duser.variant 
java_command: com.codestates.TodoappApplication
java_class_path (initial): C:\Users\kimkyuha\Desktop\TodoApp\build\classes\java\main;C:\Users\kimkyuha\Desktop\TodoApp\build\resources\main;C:\Users\kimkyuha\.gradle\caches\modules-2\files-2.1\org.springframework.boot\spring-boot-starter-web\2.7.8\7596f0263544e8230a5bf5357a02fb391f036f77\spring-boot-starter-web-2.7.8.jar;C:\Users\kimkyuha\.gradle\caches\modules-2\files-2.1\org.springframework.boot\spring-boot-starter-json\2.7.8\fb09a04154ce2aea974755bc011a588eee2332aa\spring-boot-starter-json-2.7.8.jar;C:\Users\kimkyuha\.gradle\caches\modules-2\files-2.1\org.springframework.boot\spring-boot-starter\2.7.8\df091ed288bd1dcf89fa0554a29fe96f27802efc\spring-boot-starter-2.7.8.jar;C:\Users\kimkyuha\.gradle\caches\modules-2\files-2.1\org.springframework.boot\spring-boot-starter-tomcat\2.7.8\8e7a62215cc56473c891480f722dda43dd6059d9\spring-boot-starter-tomcat-2.7.8.jar;C:\Users\kimkyuha\.gradle\caches\modules-2\files-2.1\org.springframework\spring-webmvc\5.3.25\62a8258bcc4f7a58dd69af5140481b64653c90\spring-webmvc-5.3.25.jar;C:\Users\kimkyuha\.gradle\caches\modules-2\files-2.1\org.springframework\spring-web\5.3.25\c69815e7931cd3ce7f19cc8028fd1c36626120d6\spring-web-5.3.25.jar;C:\Users\kimkyuha\.gradle\caches\modules-2\files-2.1\org.springframework.boot\spring-boot-autoconfigure\2.7.8\cb835d82d00116e907d341d11096c3476ab49721\spring-boot-autoconfigure-2.7.8.jar;C:\Users\kimkyuha\.gradle\caches\modules-2\files-2.1\org.springframework.boot\spring-boot\2.7.8\8db5af0f1171bb402c27a85fe97d741bddaa6fee\spring-boot-2.7.8.jar;C:\Users\kimkyuha\.gradle\caches\modules-2\files-2.1\org.springframework.boot\spring-boot-starter-logging\2.7.8\439c2c6fb705c4e7338b2c7a975a84b4f0cb3724\spring-boot-starter-logging-2.7.8.jar;C:\Users\kimkyuha\.gradle\caches\modules-2\files-2.1\jakarta.annotation\jakarta.annotation-api\1.3.5\59eb84ee0d616332ff44aba065f3888cf002cd2d\jakarta.annotation-api-1.3.5.jar;C:\Users\kimkyuha\.gradle\caches\modules-2\files-2.1\org.springframework\spring-context\5.3.25\268a70c
Launcher Type: SUN_STANDARD

[Global flags]
     intx CICompilerCount                          = 4                                         {product} {ergonomic}
     uint ConcGCThreads                            = 3                                         {product} {ergonomic}
     uint G1ConcRefinementThreads                  = 10                                        {product} {ergonomic}
   size_t G1HeapRegionSize                         = 1048576                                   {product} {ergonomic}
    uintx GCDrainStackTargetSize                   = 64                                        {product} {ergonomic}
   size_t InitialHeapSize                          = 268435456                                 {product} {ergonomic}
   size_t MarkStackSize                            = 4194304                                   {product} {ergonomic}
   size_t MaxHeapSize                              = 4282384384                                {product} {ergonomic}
   size_t MaxNewSize                               = 2569011200                                {product} {ergonomic}
   size_t MinHeapDeltaBytes                        = 1048576                                   {product} {ergonomic}
    uintx NonNMethodCodeHeapSize                   = 5836300                                {pd product} {ergonomic}
    uintx NonProfiledCodeHeapSize                  = 122910970                              {pd product} {ergonomic}
    uintx ProfiledCodeHeapSize                     = 122910970                              {pd product} {ergonomic}
    uintx ReservedCodeCacheSize                    = 251658240                              {pd product} {ergonomic}
     bool SegmentedCodeCache                       = true                                      {product} {ergonomic}
     bool UseCompressedClassPointers               = true                                 {lp64_product} {ergonomic}
     bool UseCompressedOops                        = true                                 {lp64_product} {ergonomic}
     bool UseG1GC                                  = true                                      {product} {ergonomic}
     bool UseLargePagesIndividualAllocation        = false                                  {pd product} {ergonomic}

Logging:
Log output configuration:
 #0: stdout all=warning uptime,level,tags
 #1: stderr all=off uptime,level,tags

Environment Variables:
JAVA_HOME=C:\Program Files\Zulu\zulu-11
JRE_HOME=C:\Program Files\Zulu\zulu-11-jre
CLASSPATH=C:\Program Files\Zulu\zulu-11lib
PATH=C:\Program Files\Zulu\zulu-11-jre\bin\;C:\Program Files\Zulu\zulu-11\bin\;C:\WINDOWS\system32;C:\WINDOWS;C:\WINDOWS\System32\Wbem;C:\WINDOWS\System32\WindowsPowerShell\v1.0\;C:\WINDOWS\System32\OpenSSH\;"C:\Python\;";C:\Program Files\nodejs\;C:\Program Files\Zulu\zulu-11\bin;C:\Program Files\Git\cmd;C:\Program Files\Docker\Docker\resources\bin;C:\Program Files\MySQL\MySQL Shell 8.0\bin\;C:\python\Scripts\;C:\python\;C:\Users\kimkyuha\AppData\Local\Microsoft\WindowsApps;C:\Users\kimkyuha\AppData\Local\Programs\Microsoft VS Code\bin;C:\Program Files\Bandizip\;C:\Users\kimkyuha\AppData\Local\afreeca;C:\Users\kimkyuha\AppData\Local\atom\bin;C:\Program Files\JetBrains\IntelliJ IDEA Community Edition 2022.2.3\bin;C:\Users\kimkyuha\AppData\Roaming\npm;C:\Users\kimkyuha\AppData\Local\JetBrains\Toolbox\scripts;
USERNAME=kimkyuha
OS=Windows_NT
PROCESSOR_IDENTIFIER=AMD64 Family 23 Model 8 Stepping 2, AuthenticAMD
TMP=C:\Users\kimkyuha\AppData\Local\Temp
TEMP=C:\Users\kimkyuha\AppData\Local\Temp



---------------  S Y S T E M  ---------------

OS: Windows 10 , 64 bit Build 19041 (10.0.19041.2364)
OS uptime: 11 days 4:06 hours
Hyper-V role detected

CPU:total 12 (initial active 12) (12 cores per cpu, 2 threads per core) family 23 model 8 stepping 2 microcode 0x0, cmov, cx8, fxsr, mmx, sse, sse2, sse3, ssse3, sse4.1, sse4.2, popcnt, avx, avx2, aes, clmul, mmxext, 3dnowpref, lzcnt, sse4a, ht, tsc, tscinvbit, tscinv, bmi1, bmi2, adx, sha, fma

Memory: 4k page, system-wide physical 16334M (710M free)
TotalPageFile size 44874M (AvailPageFile size 5M)
current process WorkingSet (physical memory assigned to process): 79M, peak: 79M
current process commit charge ("private bytes"): 367M, peak: 367M

vm_info: OpenJDK 64-Bit Server VM (11.0.17+8-LTS) for windows-amd64 JRE (Zulu11.60+19-CA) (11.0.17+8-LTS), built on Oct  9 2022 06:13:40 by "zulu_re" with MS VC++ 15.9 (VS2017)

END.
